torch.Size([100, 2]) torch.Size([100, 600])
Groundtruth:
 xi_data=[[0.21589163 0.6217499 ]
 [0.5092359  0.3256812 ]
 [0.6058779  0.71212524]
 [0.7307683  0.43017632]
 [0.3653171  0.71332574]
 [0.22287518 0.3614721 ]
 [0.36506277 0.6348441 ]
 [0.48757708 0.43946958]
 [0.5009293  0.79211235]
 [0.25168017 0.3549005 ]
 [0.5286024  0.4635824 ]
 [0.28841212 0.6428583 ]
 [0.68861777 0.38006794]
 [0.75087893 0.20847993]
 [0.49767584 0.4683392 ]
 [0.40124047 0.61915106]
 [0.22994086 0.34231055]
 [0.5871727  0.32488406]
 [0.65643305 0.21322422]
 [0.6563309  0.6118247 ]
 [0.669846   0.32444957]
 [0.21719801 0.71160656]
 [0.24309789 0.41171578]
 [0.3836496  0.24131751]
 [0.70776147 0.20674407]
 [0.6381506  0.45432276]
 [0.6569031  0.21025889]
 [0.31803894 0.29104695]
 [0.39490044 0.3696841 ]
 [0.73855186 0.6639822 ]
 [0.64833903 0.56395626]
 [0.4914465  0.5801653 ]
 [0.32955897 0.76181763]
 [0.65586656 0.74473363]
 [0.5742231  0.6880239 ]
 [0.6503103  0.45901757]
 [0.20870362 0.42769426]
 [0.36859626 0.4283762 ]
 [0.7773048  0.67119926]
 [0.32719043 0.47472733]
 [0.6046578  0.6022989 ]
 [0.45005256 0.20687701]
 [0.21777868 0.54280704]
 [0.27384257 0.27474234]
 [0.21157473 0.5856928 ]
 [0.32516515 0.49632365]
 [0.24251044 0.7335079 ]
 [0.24079426 0.6219893 ]
 [0.5504716  0.55673563]
 [0.20107521 0.7990874 ]
 [0.79128814 0.49675006]
 [0.77032435 0.5013778 ]
 [0.4201473  0.4031616 ]
 [0.5290038  0.7719725 ]
 [0.33982015 0.65307176]
 [0.7241703  0.5699043 ]
 [0.47756177 0.7317962 ]
 [0.21724844 0.49809796]
 [0.32585776 0.6774424 ]
 [0.27530774 0.23283464]
 [0.42471272 0.57046485]
 [0.7924216  0.45365727]
 [0.48375106 0.49218333]
 [0.652481   0.22977753]
 [0.21712899 0.71814555]
 [0.6395307  0.3681146 ]
 [0.39734775 0.5894051 ]
 [0.37368706 0.7145929 ]
 [0.54282075 0.6216194 ]
 [0.7113546  0.47220057]
 [0.7999912  0.44266698]
 [0.24581017 0.776538  ]
 [0.40887094 0.45928288]
 [0.7728082  0.47197866]
 [0.22457673 0.36726862]
 [0.6048862  0.37527   ]
 [0.6028787  0.36459607]
 [0.28331894 0.3511041 ]
 [0.3292809  0.36765718]
 [0.4210223  0.6345008 ]
 [0.562984   0.3215057 ]
 [0.61212313 0.38075936]
 [0.27539593 0.3173527 ]
 [0.23948595 0.6360961 ]
 [0.26911595 0.340649  ]
 [0.59010184 0.34520406]
 [0.34905607 0.25027922]
 [0.62166876 0.32494926]
 [0.75935894 0.47081482]
 [0.6300925  0.371979  ]
 [0.27448028 0.67143196]
 [0.40744194 0.79115444]
 [0.694989   0.578373  ]
 [0.4401327  0.3442204 ]
 [0.54983705 0.7495313 ]
 [0.27140808 0.7766931 ]
 [0.47251332 0.72791135]
 [0.49922842 0.44421247]
 [0.46698576 0.71254665]
 [0.7577485  0.7959199 ]],
 y_data=[[-0.11442725 -0.10639436 -0.10392515 ...  0.05434785  0.0486678
   0.04965534]
 [-0.10694738 -0.10063154 -0.10053418 ...  0.0540993   0.05654313
   0.05482008]
 [-0.1045196  -0.10068677 -0.1036285  ...  0.05216264  0.04872114
   0.05259162]
 ...
 [-0.10799789 -0.10597202 -0.0912463  ...  0.05135166  0.06704864
   0.05069946]
 [-0.10222844 -0.09835415 -0.09878931 ...  0.05080124  0.05790615
   0.05406732]
 [-0.10505207 -0.10111374 -0.09655096 ...  0.07065389  0.06541973
   0.06075126]]
0
Groundtruth:
 xi_data=[[0.21589163 0.6217499 ]]
0_AVI
Estimated mean:
[0.23850024 0.6404952 ]
Estimated covariance matrix:
[[ 0.00077471 -0.00015924]
 [-0.00015924  0.00074683]]
torch.Size([1000, 2])
------------------------------------------------------------------------------------------
0_MCMC
torch.Size([1000, 2])

                mean       std    median      5.0%     95.0%     n_eff     r_hat
  input[0]      0.21      0.03      0.21      0.15      0.26    948.34      1.00
  input[1]      0.61      0.02      0.61      0.58      0.64   1338.69      1.00

Number of divergences: 0
None
------------------------------------------------------------------------------------------
******************************************************************************************
1
Groundtruth:
 xi_data=[[0.5092359 0.3256812]]
1_AVI
Estimated mean:
[0.57443434 0.31450117]
Estimated covariance matrix:
[[ 0.00063388 -0.00014404]
 [-0.00014404  0.00062795]]
torch.Size([1000, 2])
------------------------------------------------------------------------------------------
1_MCMC
torch.Size([1000, 2])

                mean       std    median      5.0%     95.0%     n_eff     r_hat
  input[0]      0.57      0.03      0.57      0.53      0.62   2586.58      1.00
  input[1]      0.31      0.03      0.31      0.26      0.35   1539.51      1.00

Number of divergences: 0
None
------------------------------------------------------------------------------------------
******************************************************************************************
2
Groundtruth:
 xi_data=[[0.6058779  0.71212524]]
2_AVI
Estimated mean:
[0.6328491  0.65671146]
Estimated covariance matrix:
[[ 0.00067516 -0.00014866]
 [-0.00014866  0.00066307]]
torch.Size([1000, 2])
------------------------------------------------------------------------------------------
2_MCMC
torch.Size([1000, 2])

                mean       std    median      5.0%     95.0%     n_eff     r_hat
  input[0]      0.63      0.03      0.63      0.59      0.67   2882.15      1.00
  input[1]      0.66      0.03      0.67      0.62      0.71   2634.54      1.00

Number of divergences: 0
None
------------------------------------------------------------------------------------------
******************************************************************************************
3
Groundtruth:
 xi_data=[[0.7307683  0.43017632]]
3_AVI
Estimated mean:
[0.7424151  0.41719672]
Estimated covariance matrix:
[[ 0.00063493 -0.00014416]
 [-0.00014416  0.0006289 ]]
torch.Size([1000, 2])
------------------------------------------------------------------------------------------
3_MCMC
torch.Size([1000, 2])

                mean       std    median      5.0%     95.0%     n_eff     r_hat
  input[0]      0.71      0.02      0.71      0.67      0.75   2860.77      1.00
  input[1]      0.45      0.03      0.45      0.41      0.49   3188.43      1.00

Number of divergences: 0
None
------------------------------------------------------------------------------------------
******************************************************************************************
4
Groundtruth:
 xi_data=[[0.3653171  0.71332574]]
4_AVI
Estimated mean:
[0.3759822 0.7263323]
Estimated covariance matrix:
[[ 0.00071428 -0.0001529 ]
 [-0.0001529   0.00069604]]
torch.Size([1000, 2])
------------------------------------------------------------------------------------------
4_MCMC
torch.Size([1000, 2])

                mean       std    median      5.0%     95.0%     n_eff     r_hat
  input[0]      0.36      0.02      0.36      0.32      0.39   1419.76      1.00
  input[1]      0.74      0.02      0.74      0.70      0.78   1816.45      1.00

Number of divergences: 0
None
------------------------------------------------------------------------------------------
******************************************************************************************
5
Groundtruth:
 xi_data=[[0.22287518 0.3614721 ]]
5_AVI
Estimated mean:
[0.26802036 0.34691083]
Estimated covariance matrix:
[[ 0.00064319 -0.00014509]
 [-0.00014509  0.00063581]]
torch.Size([1000, 2])
------------------------------------------------------------------------------------------
5_MCMC
torch.Size([1000, 2])

                mean       std    median      5.0%     95.0%     n_eff     r_hat
  input[0]      0.21      0.03      0.21      0.15      0.26   1443.53      1.00
  input[1]      0.37      0.02      0.37      0.34      0.41   1714.98      1.00

Number of divergences: 0
None
------------------------------------------------------------------------------------------
******************************************************************************************
6
Groundtruth:
 xi_data=[[0.36506277 0.6348441 ]]
6_AVI
Estimated mean:
[0.39151183 0.64879656]
Estimated covariance matrix:
[[ 0.00069059 -0.00015034]
 [-0.00015034  0.00067605]]
torch.Size([1000, 2])
------------------------------------------------------------------------------------------
6_MCMC
torch.Size([1000, 2])

                mean       std    median      5.0%     95.0%     n_eff     r_hat
  input[0]      0.40      0.03      0.40      0.35      0.45   2115.87      1.00
  input[1]      0.63      0.03      0.63      0.58      0.68   1885.73      1.00

Number of divergences: 0
None
------------------------------------------------------------------------------------------
******************************************************************************************
7
Groundtruth:
 xi_data=[[0.48757708 0.43946958]]
7_AVI
Estimated mean:
[0.47672027 0.47155932]
Estimated covariance matrix:
[[ 0.00067409 -0.00014854]
 [-0.00014854  0.00066214]]
torch.Size([1000, 2])
------------------------------------------------------------------------------------------
7_MCMC
torch.Size([1000, 2])

                mean       std    median      5.0%     95.0%     n_eff     r_hat
  input[0]      0.48      0.03      0.48      0.43      0.54   2569.49      1.00
  input[1]      0.46      0.03      0.46      0.41      0.51   2864.92      1.00

Number of divergences: 0
None
------------------------------------------------------------------------------------------
******************************************************************************************
8
Groundtruth:
 xi_data=[[0.5009293  0.79211235]]
8_AVI
Estimated mean:
[0.49450818 0.72819304]
Estimated covariance matrix:
[[ 0.00066684 -0.00014774]
 [-0.00014774  0.00065595]]
torch.Size([1000, 2])
------------------------------------------------------------------------------------------
8_MCMC
torch.Size([1000, 2])

                mean       std    median      5.0%     95.0%     n_eff     r_hat
  input[0]      0.49      0.02      0.49      0.45      0.53   2080.13      1.00
  input[1]      0.75      0.03      0.75      0.70      0.79   1303.88      1.00

Number of divergences: 0
None
------------------------------------------------------------------------------------------
******************************************************************************************
9
Groundtruth:
 xi_data=[[0.25168017 0.3549005 ]]
9_AVI
Estimated mean:
[0.26750103 0.35460657]
Estimated covariance matrix:
[[ 0.00068239 -0.00014945]
 [-0.00014945  0.00066908]]
torch.Size([1000, 2])
------------------------------------------------------------------------------------------
9_MCMC
torch.Size([1000, 2])

                mean       std    median      5.0%     95.0%     n_eff     r_hat
  input[0]      0.23      0.03      0.23      0.18      0.27   1290.29      1.00
  input[1]      0.34      0.02      0.34      0.31      0.38   1343.06      1.00

Number of divergences: 0
None
------------------------------------------------------------------------------------------
******************************************************************************************
10
Groundtruth:
 xi_data=[[0.5286024 0.4635824]]
10_AVI
Estimated mean:
[0.52488226 0.49170014]
Estimated covariance matrix:
[[ 0.00064581 -0.00014539]
 [-0.00014539  0.00063808]]
torch.Size([1000, 2])
------------------------------------------------------------------------------------------
10_MCMC
torch.Size([1000, 2])

                mean       std    median      5.0%     95.0%     n_eff     r_hat
  input[0]      0.53      0.03      0.53      0.48      0.59   2124.84      1.00
  input[1]      0.49      0.03      0.49      0.44      0.54   2693.47      1.00

Number of divergences: 0
None
------------------------------------------------------------------------------------------
******************************************************************************************
11
Groundtruth:
 xi_data=[[0.28841212 0.6428583 ]]
11_AVI
Estimated mean:
[0.29816777 0.6509919 ]
Estimated covariance matrix:
[[ 0.00072556 -0.0001541 ]
 [-0.0001541   0.00070553]]
torch.Size([1000, 2])
------------------------------------------------------------------------------------------
11_MCMC
torch.Size([1000, 2])

                mean       std    median      5.0%     95.0%     n_eff     r_hat
  input[0]      0.28      0.03      0.28      0.24      0.33   1950.45      1.00
  input[1]      0.66      0.03      0.66      0.61      0.70   2575.93      1.00

Number of divergences: 0
None
------------------------------------------------------------------------------------------
******************************************************************************************
12
Groundtruth:
 xi_data=[[0.68861777 0.38006794]]
12_AVI
Estimated mean:
[0.6635237  0.39115041]
Estimated covariance matrix:
[[ 0.00064437 -0.00014523]
 [-0.00014523  0.00063685]]
torch.Size([1000, 2])
------------------------------------------------------------------------------------------
12_MCMC
torch.Size([1000, 2])

                mean       std    median      5.0%     95.0%     n_eff     r_hat
  input[0]      0.66      0.03      0.66      0.62      0.70   1689.03      1.00
  input[1]      0.37      0.03      0.36      0.32      0.41   1954.19      1.00

Number of divergences: 0
None
------------------------------------------------------------------------------------------
******************************************************************************************
13
Groundtruth:
 xi_data=[[0.75087893 0.20847993]]
13_AVI
Estimated mean:
[0.698111   0.22389856]
Estimated covariance matrix:
[[ 0.00057984 -0.00013776]
 [-0.00013776  0.00058175]]
torch.Size([1000, 2])
------------------------------------------------------------------------------------------
13_MCMC
torch.Size([1000, 2])

                mean       std    median      5.0%     95.0%     n_eff     r_hat
  input[0]      0.73      0.02      0.73      0.70      0.77   1602.02      1.00
  input[1]      0.21      0.03      0.22      0.17      0.25    797.09      1.00

Number of divergences: 0
None
------------------------------------------------------------------------------------------
******************************************************************************************
14
Groundtruth:
 xi_data=[[0.49767584 0.4683392 ]]
14_AVI
Estimated mean:
[0.45903927 0.55115956]
Estimated covariance matrix:
[[ 0.00067783 -0.00014895]
 [-0.00014895  0.00066537]]
torch.Size([1000, 2])
------------------------------------------------------------------------------------------
14_MCMC
torch.Size([1000, 2])

                mean       std    median      5.0%     95.0%     n_eff     r_hat
  input[0]      0.46      0.04      0.46      0.40      0.52   2248.08      1.00
  input[1]      0.54      0.03      0.54      0.49      0.59   1877.44      1.00

Number of divergences: 0
None
------------------------------------------------------------------------------------------
******************************************************************************************
15
Groundtruth:
 xi_data=[[0.40124047 0.61915106]]
15_AVI
Estimated mean:
[0.37876126 0.63451695]
Estimated covariance matrix:
[[ 0.00072138 -0.00015366]
 [-0.00015366  0.00070204]]
torch.Size([1000, 2])
------------------------------------------------------------------------------------------
15_MCMC
torch.Size([1000, 2])

                mean       std    median      5.0%     95.0%     n_eff     r_hat
  input[0]      0.40      0.03      0.40      0.35      0.45   2506.08      1.00
  input[1]      0.62      0.03      0.62      0.57      0.67   1672.36      1.00

Number of divergences: 0
None
------------------------------------------------------------------------------------------
******************************************************************************************
16
Groundtruth:
 xi_data=[[0.22994086 0.34231055]]
16_AVI
Estimated mean:
[0.26480523 0.2783029 ]
Estimated covariance matrix:
[[ 0.00068631 -0.00014988]
 [-0.00014988  0.00067242]]
torch.Size([1000, 2])
------------------------------------------------------------------------------------------
16_MCMC
torch.Size([1000, 2])

                mean       std    median      5.0%     95.0%     n_eff     r_hat
  input[0]      0.23      0.03      0.23      0.19      0.28    689.85      1.00
  input[1]      0.32      0.02      0.32      0.29      0.35   1536.08      1.00

Number of divergences: 0
None
------------------------------------------------------------------------------------------
******************************************************************************************
17
Groundtruth:
 xi_data=[[0.5871727  0.32488406]]
17_AVI
Estimated mean:
[0.6067326  0.36074644]
Estimated covariance matrix:
[[ 0.00066191 -0.00014719]
 [-0.00014719  0.00065174]]
torch.Size([1000, 2])
------------------------------------------------------------------------------------------
17_MCMC
torch.Size([1000, 2])

                mean       std    median      5.0%     95.0%     n_eff     r_hat
  input[0]      0.61      0.03      0.61      0.56      0.65   1876.89      1.00
  input[1]      0.36      0.03      0.36      0.31      0.41   1738.72      1.00

Number of divergences: 0
None
------------------------------------------------------------------------------------------
******************************************************************************************
18
Groundtruth:
 xi_data=[[0.65643305 0.21322422]]
18_AVI
Estimated mean:
[0.6042352  0.25054464]
Estimated covariance matrix:
[[ 0.00061384 -0.00014174]
 [-0.00014174  0.00061088]]
torch.Size([1000, 2])
------------------------------------------------------------------------------------------
18_MCMC
torch.Size([1000, 2])

                mean       std    median      5.0%     95.0%     n_eff     r_hat
  input[0]      0.64      0.02      0.64      0.61      0.67   1784.71      1.00
  input[1]      0.21      0.03      0.21      0.15      0.25   1285.51      1.00

Number of divergences: 0
None
------------------------------------------------------------------------------------------
******************************************************************************************
19
Groundtruth:
 xi_data=[[0.6563309 0.6118247]]
19_AVI
Estimated mean:
[0.6472211 0.6033596]
Estimated covariance matrix:
[[ 0.00065149 -0.00014603]
 [-0.00014603  0.00064297]]
torch.Size([1000, 2])
------------------------------------------------------------------------------------------
19_MCMC
torch.Size([1000, 2])

                mean       std    median      5.0%     95.0%     n_eff     r_hat
  input[0]      0.67      0.03      0.67      0.63      0.72   1778.13      1.00
  input[1]      0.60      0.03      0.60      0.55      0.64   2529.30      1.00

Number of divergences: 0
None
------------------------------------------------------------------------------------------
******************************************************************************************
20
Groundtruth:
 xi_data=[[0.669846   0.32444957]]
20_AVI
Estimated mean:
[0.68272823 0.34334773]
Estimated covariance matrix:
[[ 0.0006366  -0.00014435]
 [-0.00014435  0.00063026]]
torch.Size([1000, 2])
------------------------------------------------------------------------------------------
20_MCMC
torch.Size([1000, 2])

                mean       std    median      5.0%     95.0%     n_eff     r_hat
  input[0]      0.68      0.03      0.68      0.64      0.72   1289.58      1.00
  input[1]      0.34      0.02      0.34      0.30      0.38   2510.55      1.00

Number of divergences: 0
None
------------------------------------------------------------------------------------------
******************************************************************************************
21
Groundtruth:
 xi_data=[[0.21719801 0.71160656]]
21_AVI
Estimated mean:
[0.24941212 0.68679297]
Estimated covariance matrix:
[[ 0.00072152 -0.00015367]
 [-0.00015367  0.00070213]]
torch.Size([1000, 2])
------------------------------------------------------------------------------------------
21_MCMC
torch.Size([1000, 2])

                mean       std    median      5.0%     95.0%     n_eff     r_hat
  input[0]      0.22      0.03      0.23      0.18      0.27   1375.22      1.00
  input[1]      0.71      0.02      0.71      0.67      0.74   1383.41      1.00

Number of divergences: 0
None
------------------------------------------------------------------------------------------
******************************************************************************************
22
Groundtruth:
 xi_data=[[0.24309789 0.41171578]]
22_AVI
Estimated mean:
[0.25976908 0.4088999 ]
Estimated covariance matrix:
[[ 0.0007041  -0.00015181]
 [-0.00015181  0.00068753]]
torch.Size([1000, 2])
------------------------------------------------------------------------------------------
22_MCMC
torch.Size([1000, 2])

                mean       std    median      5.0%     95.0%     n_eff     r_hat
  input[0]      0.22      0.03      0.22      0.16      0.27   1380.15      1.00
  input[1]      0.41      0.02      0.41      0.38      0.45   2427.80      1.00

Number of divergences: 0
None
------------------------------------------------------------------------------------------
******************************************************************************************
23
Groundtruth:
 xi_data=[[0.3836496  0.24131751]]
23_AVI
Estimated mean:
[0.33944866 0.26058978]
Estimated covariance matrix:
[[ 0.00063995 -0.00014473]
 [-0.00014473  0.00063306]]
torch.Size([1000, 2])
------------------------------------------------------------------------------------------
23_MCMC
torch.Size([1000, 2])

                mean       std    median      5.0%     95.0%     n_eff     r_hat
  input[0]      0.36      0.02      0.36      0.32      0.39   2847.55      1.00
  input[1]      0.26      0.02      0.26      0.22      0.29   1593.75      1.00

Number of divergences: 0
None
------------------------------------------------------------------------------------------
******************************************************************************************
24
Groundtruth:
 xi_data=[[0.70776147 0.20674407]]
24_AVI
Estimated mean:
[0.6478483  0.21745418]
Estimated covariance matrix:
[[ 0.00062635 -0.00014318]
 [-0.00014318  0.0006216 ]]
torch.Size([1000, 2])
------------------------------------------------------------------------------------------
24_MCMC
torch.Size([1000, 2])

                mean       std    median      5.0%     95.0%     n_eff     r_hat
  input[0]      0.68      0.02      0.68      0.65      0.71   1328.87      1.00
  input[1]      0.19      0.03      0.20      0.15      0.24   1172.81      1.00

Number of divergences: 0
None
------------------------------------------------------------------------------------------
******************************************************************************************
25
Groundtruth:
 xi_data=[[0.6381506  0.45432276]]
25_AVI
Estimated mean:
[0.5720873 0.5373986]
Estimated covariance matrix:
[[ 0.00067968 -0.00014915]
 [-0.00014915  0.00066689]]
torch.Size([1000, 2])
------------------------------------------------------------------------------------------
25_MCMC
torch.Size([1000, 2])

                mean       std    median      5.0%     95.0%     n_eff     r_hat
  input[0]      0.59      0.03      0.59      0.53      0.64   2260.23      1.00
  input[1]      0.52      0.03      0.52      0.47      0.57   1978.64      1.00

Number of divergences: 0
None
------------------------------------------------------------------------------------------
******************************************************************************************
26
Groundtruth:
 xi_data=[[0.6569031  0.21025889]]
26_AVI
Estimated mean:
[0.6823505  0.21537149]
Estimated covariance matrix:
[[ 0.00060154 -0.00014032]
 [-0.00014032  0.00060035]]
torch.Size([1000, 2])
------------------------------------------------------------------------------------------
26_MCMC
torch.Size([1000, 2])

                mean       std    median      5.0%     95.0%     n_eff     r_hat
  input[0]      0.65      0.02      0.65      0.62      0.68   1432.74      1.00
  input[1]      0.19      0.03      0.20      0.14      0.24   1202.99      1.00

Number of divergences: 0
None
------------------------------------------------------------------------------------------
******************************************************************************************
27
Groundtruth:
 xi_data=[[0.31803894 0.29104695]]
27_AVI
Estimated mean:
[0.30399302 0.33940548]
Estimated covariance matrix:
[[ 0.00069945 -0.00015131]
 [-0.00015131  0.00068356]]
torch.Size([1000, 2])
------------------------------------------------------------------------------------------
27_MCMC
torch.Size([1000, 2])

                mean       std    median      5.0%     95.0%     n_eff     r_hat
  input[0]      0.31      0.03      0.31      0.27      0.35   2015.91      1.00
  input[1]      0.33      0.02      0.33      0.30      0.37   1929.87      1.00

Number of divergences: 0
None
------------------------------------------------------------------------------------------
******************************************************************************************
28
Groundtruth:
 xi_data=[[0.39490044 0.3696841 ]]
28_AVI
Estimated mean:
[0.39192572 0.41338477]
Estimated covariance matrix:
[[ 0.0006908  -0.00015037]
 [-0.00015037  0.00067634]]
torch.Size([1000, 2])
------------------------------------------------------------------------------------------
28_MCMC
torch.Size([1000, 2])

                mean       std    median      5.0%     95.0%     n_eff     r_hat
  input[0]      0.41      0.03      0.41      0.36      0.46   1741.13      1.00
  input[1]      0.39      0.03      0.39      0.34      0.44   1975.25      1.00

Number of divergences: 0
None
------------------------------------------------------------------------------------------
******************************************************************************************
29
Groundtruth:
 xi_data=[[0.73855186 0.6639822 ]]
29_AVI
Estimated mean:
[0.75102305 0.71723366]
Estimated covariance matrix:
[[ 0.00060237 -0.00014041]
 [-0.00014041  0.00060101]]
torch.Size([1000, 2])
------------------------------------------------------------------------------------------
29_MCMC
torch.Size([1000, 2])

                mean       std    median      5.0%     95.0%     n_eff     r_hat
  input[0]      0.74      0.02      0.74      0.70      0.77   1563.63      1.00
  input[1]      0.68      0.02      0.68      0.64      0.71   1634.92      1.00

Number of divergences: 0
None
------------------------------------------------------------------------------------------
******************************************************************************************
30
Groundtruth:
 xi_data=[[0.64833903 0.56395626]]
30_AVI
Estimated mean:
[0.62004435 0.50873923]
Estimated covariance matrix:
[[ 0.00062787 -0.00014335]
 [-0.00014335  0.00062277]]
torch.Size([1000, 2])
------------------------------------------------------------------------------------------
30_MCMC
torch.Size([1000, 2])

                mean       std    median      5.0%     95.0%     n_eff     r_hat
  input[0]      0.62      0.03      0.62      0.57      0.67   2890.10      1.00
  input[1]      0.51      0.03      0.51      0.45      0.55   2669.94      1.00

Number of divergences: 0
None
------------------------------------------------------------------------------------------
******************************************************************************************
31
Groundtruth:
 xi_data=[[0.4914465 0.5801653]]
31_AVI
Estimated mean:
[0.50159484 0.6022781 ]
Estimated covariance matrix:
[[ 0.00065568 -0.00014649]
 [-0.00014649  0.00064651]]
torch.Size([1000, 2])
------------------------------------------------------------------------------------------
31_MCMC
torch.Size([1000, 2])

                mean       std    median      5.0%     95.0%     n_eff     r_hat
  input[0]      0.51      0.03      0.51      0.46      0.56   2387.70      1.00
  input[1]      0.61      0.03      0.61      0.55      0.67   1517.10      1.00

Number of divergences: 0
None
------------------------------------------------------------------------------------------
******************************************************************************************
32
Groundtruth:
 xi_data=[[0.32955897 0.76181763]]
32_AVI
Estimated mean:
[0.35306773 0.7470981 ]
Estimated covariance matrix:
[[ 0.000696   -0.00015093]
 [-0.00015093  0.00068063]]
torch.Size([1000, 2])
------------------------------------------------------------------------------------------
32_MCMC
torch.Size([1000, 2])

                mean       std    median      5.0%     95.0%     n_eff     r_hat
  input[0]      0.35      0.02      0.35      0.31      0.38   1309.75      1.00
  input[1]      0.76      0.03      0.76      0.72      0.80   1689.47      1.00

Number of divergences: 0
None
------------------------------------------------------------------------------------------
******************************************************************************************
33
Groundtruth:
 xi_data=[[0.65586656 0.74473363]]
33_AVI
Estimated mean:
[0.66502386 0.706776  ]
Estimated covariance matrix:
[[ 0.00065084 -0.00014595]
 [-0.00014595  0.00064243]]
torch.Size([1000, 2])
------------------------------------------------------------------------------------------
33_MCMC
torch.Size([1000, 2])

                mean       std    median      5.0%     95.0%     n_eff     r_hat
  input[0]      0.65      0.02      0.65      0.62      0.69   1649.44      1.00
  input[1]      0.74      0.02      0.74      0.70      0.77   1441.65      1.00

Number of divergences: 0
None
------------------------------------------------------------------------------------------
******************************************************************************************
34
Groundtruth:
 xi_data=[[0.5742231 0.6880239]]
34_AVI
Estimated mean:
[0.55259186 0.686901  ]
Estimated covariance matrix:
[[ 0.00069649 -0.00015099]
 [-0.00015099  0.00068108]]
torch.Size([1000, 2])
------------------------------------------------------------------------------------------
34_MCMC
torch.Size([1000, 2])

                mean       std    median      5.0%     95.0%     n_eff     r_hat
  input[0]      0.55      0.03      0.55      0.50      0.59   2119.34      1.00
  input[1]      0.68      0.03      0.69      0.64      0.73   1672.52      1.00

Number of divergences: 0
None
------------------------------------------------------------------------------------------
******************************************************************************************
35
Groundtruth:
 xi_data=[[0.6503103  0.45901757]]
35_AVI
Estimated mean:
[0.6406543  0.53745395]
Estimated covariance matrix:
[[ 0.00066734 -0.00014779]
 [-0.00014779  0.00065641]]
torch.Size([1000, 2])
------------------------------------------------------------------------------------------
35_MCMC
torch.Size([1000, 2])

                mean       std    median      5.0%     95.0%     n_eff     r_hat
  input[0]      0.66      0.03      0.66      0.61      0.71   1889.97      1.00
  input[1]      0.52      0.03      0.52      0.47      0.57   1712.99      1.00

Number of divergences: 0
None
------------------------------------------------------------------------------------------
******************************************************************************************
36
Groundtruth:
 xi_data=[[0.20870362 0.42769426]]
36_AVI
Estimated mean:
[0.22113723 0.415869  ]
Estimated covariance matrix:
[[ 0.00073257 -0.00015485]
 [-0.00015485  0.00071148]]
torch.Size([1000, 2])
------------------------------------------------------------------------------------------
36_MCMC
torch.Size([1000, 2])

                mean       std    median      5.0%     95.0%     n_eff     r_hat
  input[0]      0.18      0.03      0.19      0.13      0.22   1106.65      1.00
  input[1]      0.42      0.02      0.42      0.39      0.45   2303.84      1.00

Number of divergences: 0
None
------------------------------------------------------------------------------------------
******************************************************************************************
37
Groundtruth:
 xi_data=[[0.36859626 0.4283762 ]]
37_AVI
Estimated mean:
[0.3989075  0.44164023]
Estimated covariance matrix:
[[ 0.00068053 -0.00014924]
 [-0.00014924  0.00066756]]
torch.Size([1000, 2])
------------------------------------------------------------------------------------------
37_MCMC
torch.Size([1000, 2])

                mean       std    median      5.0%     95.0%     n_eff     r_hat
  input[0]      0.39      0.03      0.39      0.34      0.45   2153.99      1.00
  input[1]      0.44      0.03      0.43      0.39      0.48   1498.00      1.00

Number of divergences: 0
None
------------------------------------------------------------------------------------------
******************************************************************************************
38
Groundtruth:
 xi_data=[[0.7773048  0.67119926]]
38_AVI
Estimated mean:
[0.70975363 0.73965883]
Estimated covariance matrix:
[[ 0.00067742 -0.0001489 ]
 [-0.0001489   0.00066497]]
torch.Size([1000, 2])
------------------------------------------------------------------------------------------
38_MCMC
torch.Size([1000, 2])

                mean       std    median      5.0%     95.0%     n_eff     r_hat
  input[0]      0.79      0.03      0.79      0.75      0.84    815.78      1.00
  input[1]      0.68      0.02      0.68      0.65      0.71   2098.05      1.00

Number of divergences: 0
None
------------------------------------------------------------------------------------------
******************************************************************************************
39
Groundtruth:
 xi_data=[[0.32719043 0.47472733]]
39_AVI
Estimated mean:
[0.33124137 0.47641087]
Estimated covariance matrix:
[[ 0.00068295 -0.00014951]
 [-0.00014951  0.00066962]]
torch.Size([1000, 2])
------------------------------------------------------------------------------------------
39_MCMC
torch.Size([1000, 2])

                mean       std    median      5.0%     95.0%     n_eff     r_hat
  input[0]      0.32      0.03      0.32      0.27      0.38   1603.95      1.00
  input[1]      0.48      0.03      0.48      0.43      0.53   1528.63      1.00

Number of divergences: 0
None
------------------------------------------------------------------------------------------
******************************************************************************************
40
Groundtruth:
 xi_data=[[0.6046578 0.6022989]]
40_AVI
Estimated mean:
[0.6016886  0.60570073]
Estimated covariance matrix:
[[ 0.00065635 -0.00014657]
 [-0.00014657  0.00064708]]
torch.Size([1000, 2])
------------------------------------------------------------------------------------------
40_MCMC
torch.Size([1000, 2])

                mean       std    median      5.0%     95.0%     n_eff     r_hat
  input[0]      0.61      0.03      0.61      0.56      0.66   2333.01      1.00
  input[1]      0.61      0.03      0.61      0.56      0.65   1732.16      1.00

Number of divergences: 0
None
------------------------------------------------------------------------------------------
******************************************************************************************
41
Groundtruth:
 xi_data=[[0.45005256 0.20687701]]
41_AVI
Estimated mean:
[0.411944   0.21965668]
Estimated covariance matrix:
[[ 0.00061943 -0.00014239]
 [-0.00014239  0.00061561]]
torch.Size([1000, 2])
------------------------------------------------------------------------------------------
41_MCMC
torch.Size([1000, 2])

                mean       std    median      5.0%     95.0%     n_eff     r_hat
  input[0]      0.42      0.02      0.42      0.39      0.45   1680.23      1.00
  input[1]      0.18      0.03      0.19      0.13      0.23    908.44      1.00

Number of divergences: 0
None
------------------------------------------------------------------------------------------
******************************************************************************************
42
Groundtruth:
 xi_data=[[0.21777868 0.54280704]]
42_AVI
Estimated mean:
[0.21659973 0.54880226]
Estimated covariance matrix:
[[ 0.00075322 -0.00015701]
 [-0.00015701  0.00072871]]
torch.Size([1000, 2])
------------------------------------------------------------------------------------------
42_MCMC
torch.Size([1000, 2])

                mean       std    median      5.0%     95.0%     n_eff     r_hat
  input[0]      0.22      0.04      0.23      0.16      0.27    989.70      1.00
  input[1]      0.55      0.02      0.55      0.51      0.59   1706.78      1.00

Number of divergences: 0
None
------------------------------------------------------------------------------------------
******************************************************************************************
43
Groundtruth:
 xi_data=[[0.27384257 0.27474234]]
43_AVI
Estimated mean:
[0.24927077 0.2461662 ]
Estimated covariance matrix:
[[ 0.00064425 -0.00014521]
 [-0.00014521  0.00063678]]
torch.Size([1000, 2])
------------------------------------------------------------------------------------------
43_MCMC
torch.Size([1000, 2])

                mean       std    median      5.0%     95.0%     n_eff     r_hat
  input[0]      0.24      0.03      0.24      0.21      0.28    768.42      1.00
  input[1]      0.24      0.02      0.24      0.22      0.27   1289.65      1.00

Number of divergences: 0
None
------------------------------------------------------------------------------------------
******************************************************************************************
44
Groundtruth:
 xi_data=[[0.21157473 0.5856928 ]]
44_AVI
Estimated mean:
[0.24940807 0.5613066 ]
Estimated covariance matrix:
[[ 0.00071985 -0.0001535 ]
 [-0.0001535   0.00070073]]
torch.Size([1000, 2])
------------------------------------------------------------------------------------------
44_MCMC
torch.Size([1000, 2])

                mean       std    median      5.0%     95.0%     n_eff     r_hat
  input[0]      0.21      0.03      0.21      0.15      0.26   1372.01      1.00
  input[1]      0.57      0.02      0.57      0.54      0.60   2281.39      1.00

Number of divergences: 0
None
------------------------------------------------------------------------------------------
******************************************************************************************
45
Groundtruth:
 xi_data=[[0.32516515 0.49632365]]
45_AVI
Estimated mean:
[0.32457438 0.5172057 ]
Estimated covariance matrix:
[[ 0.00070656 -0.00015207]
 [-0.00015207  0.00068954]]
torch.Size([1000, 2])
------------------------------------------------------------------------------------------
45_MCMC
torch.Size([1000, 2])

                mean       std    median      5.0%     95.0%     n_eff     r_hat
  input[0]      0.32      0.03      0.32      0.26      0.37   1574.88      1.00
  input[1]      0.51      0.03      0.51      0.46      0.55   2181.97      1.00

Number of divergences: 0
None
------------------------------------------------------------------------------------------
******************************************************************************************
46
Groundtruth:
 xi_data=[[0.24251044 0.7335079 ]]
46_AVI
Estimated mean:
[0.2666239 0.7350279]
Estimated covariance matrix:
[[ 0.00074055 -0.00015569]
 [-0.00015569  0.00071814]]
torch.Size([1000, 2])
------------------------------------------------------------------------------------------
46_MCMC
torch.Size([1000, 2])

                mean       std    median      5.0%     95.0%     n_eff     r_hat
  input[0]      0.29      0.02      0.29      0.25      0.32   2527.85      1.00
  input[1]      0.74      0.02      0.74      0.70      0.77   1902.86      1.00

Number of divergences: 0
None
------------------------------------------------------------------------------------------
******************************************************************************************
47
Groundtruth:
 xi_data=[[0.24079426 0.6219893 ]]
47_AVI
Estimated mean:
[0.26061076 0.6198323 ]
Estimated covariance matrix:
[[ 0.00070972 -0.00015241]
 [-0.00015241  0.00069217]]
torch.Size([1000, 2])
------------------------------------------------------------------------------------------
47_MCMC
torch.Size([1000, 2])

                mean       std    median      5.0%     95.0%     n_eff     r_hat
  input[0]      0.23      0.03      0.23      0.18      0.28   1693.43      1.00
  input[1]      0.60      0.02      0.60      0.56      0.63   1792.02      1.00

Number of divergences: 0
None
------------------------------------------------------------------------------------------
******************************************************************************************
48
Groundtruth:
 xi_data=[[0.5504716  0.55673563]]
48_AVI
Estimated mean:
[0.58386666 0.52306795]
Estimated covariance matrix:
[[ 0.0006511  -0.00014598]
 [-0.00014598  0.00064261]]
torch.Size([1000, 2])
------------------------------------------------------------------------------------------
48_MCMC
torch.Size([1000, 2])

                mean       std    median      5.0%     95.0%     n_eff     r_hat
  input[0]      0.57      0.03      0.57      0.52      0.62   1882.98      1.00
  input[1]      0.51      0.04      0.51      0.45      0.57   1474.32      1.00

Number of divergences: 0
None
------------------------------------------------------------------------------------------
******************************************************************************************
49
Groundtruth:
 xi_data=[[0.20107521 0.7990874 ]]
49_AVI
Estimated mean:
[0.21053451 0.7362454 ]
Estimated covariance matrix:
[[ 0.00070019 -0.00015139]
 [-0.00015139  0.0006842 ]]
torch.Size([1000, 2])
------------------------------------------------------------------------------------------
49_MCMC
torch.Size([1000, 2])

                mean       std    median      5.0%     95.0%     n_eff     r_hat
  input[0]      0.19      0.03      0.19      0.14      0.23    842.91      1.00
  input[1]      0.80      0.03      0.79      0.75      0.84    867.44      1.00

Number of divergences: 0
None
------------------------------------------------------------------------------------------
******************************************************************************************
50
Groundtruth:
 xi_data=[[0.79128814 0.49675006]]
50_AVI
Estimated mean:
[0.7027426 0.4808485]
Estimated covariance matrix:
[[ 0.00066972 -0.00014805]
 [-0.00014805  0.00065837]]
torch.Size([1000, 2])
------------------------------------------------------------------------------------------
50_MCMC
torch.Size([1000, 2])

                mean       std    median      5.0%     95.0%     n_eff     r_hat
  input[0]      0.75      0.03      0.75      0.71      0.79   1103.56      1.00
  input[1]      0.47      0.02      0.47      0.44      0.51   1963.30      1.00

Number of divergences: 0
None
------------------------------------------------------------------------------------------
******************************************************************************************
51
Groundtruth:
 xi_data=[[0.77032435 0.5013778 ]]
51_AVI
Estimated mean:
[0.80482674 0.5410865 ]
Estimated covariance matrix:
[[ 0.00066013 -0.00014699]
 [-0.00014699  0.00065025]]
torch.Size([1000, 2])
------------------------------------------------------------------------------------------
51_MCMC
torch.Size([1000, 2])

                mean       std    median      5.0%     95.0%     n_eff     r_hat
  input[0]      0.82      0.03      0.81      0.77      0.86   1038.13      1.00
  input[1]      0.52      0.02      0.52      0.50      0.55   1362.91      1.00

Number of divergences: 0
None
------------------------------------------------------------------------------------------
******************************************************************************************
52
Groundtruth:
 xi_data=[[0.4201473 0.4031616]]
52_AVI
Estimated mean:
[0.42561576 0.37415674]
Estimated covariance matrix:
[[ 0.0006231  -0.00014281]
 [-0.00014281  0.00061871]]
torch.Size([1000, 2])
------------------------------------------------------------------------------------------
52_MCMC
torch.Size([1000, 2])

                mean       std    median      5.0%     95.0%     n_eff     r_hat
  input[0]      0.41      0.03      0.40      0.36      0.46   2418.09      1.00
  input[1]      0.37      0.03      0.37      0.33      0.42   1577.54      1.00

Number of divergences: 0
None
------------------------------------------------------------------------------------------
******************************************************************************************
53
Groundtruth:
 xi_data=[[0.5290038 0.7719725]]
53_AVI
Estimated mean:
[0.55080754 0.7466098 ]
Estimated covariance matrix:
[[ 0.00070251 -0.00015164]
 [-0.00015164  0.00068617]]
torch.Size([1000, 2])
------------------------------------------------------------------------------------------
53_MCMC
torch.Size([1000, 2])

                mean       std    median      5.0%     95.0%     n_eff     r_hat
  input[0]      0.55      0.02      0.55      0.52      0.58   1376.30      1.00
  input[1]      0.77      0.03      0.77      0.71      0.82   1104.93      1.00

Number of divergences: 0
None
------------------------------------------------------------------------------------------
******************************************************************************************
54
Groundtruth:
 xi_data=[[0.33982015 0.65307176]]
54_AVI
Estimated mean:
[0.3213438  0.65703213]
Estimated covariance matrix:
[[ 0.00069033 -0.00015032]
 [-0.00015032  0.00067583]]
torch.Size([1000, 2])
------------------------------------------------------------------------------------------
54_MCMC
torch.Size([1000, 2])

                mean       std    median      5.0%     95.0%     n_eff     r_hat
  input[0]      0.31      0.03      0.31      0.27      0.36   1625.93      1.00
  input[1]      0.64      0.03      0.64      0.60      0.69   2501.83      1.00

Number of divergences: 0
None
------------------------------------------------------------------------------------------
******************************************************************************************
55
Groundtruth:
 xi_data=[[0.7241703 0.5699043]]
55_AVI
Estimated mean:
[0.637401  0.5596845]
Estimated covariance matrix:
[[ 0.00067051 -0.00014814]
 [-0.00014814  0.00065911]]
torch.Size([1000, 2])
------------------------------------------------------------------------------------------
55_MCMC
torch.Size([1000, 2])

                mean       std    median      5.0%     95.0%     n_eff     r_hat
  input[0]      0.67      0.03      0.67      0.63      0.72   3131.41      1.00
  input[1]      0.56      0.03      0.56      0.52      0.60   2576.76      1.00

Number of divergences: 0
None
------------------------------------------------------------------------------------------
******************************************************************************************
56
Groundtruth:
 xi_data=[[0.47756177 0.7317962 ]]
56_AVI
Estimated mean:
[0.49340716 0.7019136 ]
Estimated covariance matrix:
[[ 0.00066005 -0.00014698]
 [-0.00014698  0.00065019]]
torch.Size([1000, 2])
------------------------------------------------------------------------------------------
56_MCMC
torch.Size([1000, 2])

                mean       std    median      5.0%     95.0%     n_eff     r_hat
  input[0]      0.50      0.02      0.50      0.46      0.54   3152.09      1.00
  input[1]      0.72      0.03      0.72      0.68      0.76   1549.58      1.00

Number of divergences: 0
None
------------------------------------------------------------------------------------------
******************************************************************************************
57
Groundtruth:
 xi_data=[[0.21724844 0.49809796]]
57_AVI
Estimated mean:
[0.2829969  0.49646506]
Estimated covariance matrix:
[[ 0.00070685 -0.0001521 ]
 [-0.0001521   0.00068975]]
torch.Size([1000, 2])
------------------------------------------------------------------------------------------
57_MCMC
torch.Size([1000, 2])

                mean       std    median      5.0%     95.0%     n_eff     r_hat
  input[0]      0.26      0.03      0.26      0.22      0.31   1593.18      1.00
  input[1]      0.52      0.03      0.52      0.48      0.56   1636.93      1.00

Number of divergences: 0
None
------------------------------------------------------------------------------------------
******************************************************************************************
58
Groundtruth:
 xi_data=[[0.32585776 0.6774424 ]]
58_AVI
Estimated mean:
[0.3408032  0.65932965]
Estimated covariance matrix:
[[ 0.00069705 -0.00015105]
 [-0.00015105  0.00068144]]
torch.Size([1000, 2])
------------------------------------------------------------------------------------------
58_MCMC
torch.Size([1000, 2])

                mean       std    median      5.0%     95.0%     n_eff     r_hat
  input[0]      0.33      0.03      0.33      0.28      0.38   2045.03      1.00
  input[1]      0.65      0.03      0.66      0.60      0.70   1833.75      1.00

Number of divergences: 0
None
------------------------------------------------------------------------------------------
******************************************************************************************
59
Groundtruth:
 xi_data=[[0.27530774 0.23283464]]
59_AVI
Estimated mean:
[0.30776554 0.2565652 ]
Estimated covariance matrix:
[[ 0.00064988 -0.00014585]
 [-0.00014585  0.00064161]]
torch.Size([1000, 2])
------------------------------------------------------------------------------------------
59_MCMC
torch.Size([1000, 2])

                mean       std    median      5.0%     95.0%     n_eff     r_hat
  input[0]      0.29      0.02      0.29      0.25      0.33   1550.44      1.00
  input[1]      0.26      0.02      0.26      0.23      0.29   1854.12      1.00

Number of divergences: 0
None
------------------------------------------------------------------------------------------
******************************************************************************************
60
Groundtruth:
 xi_data=[[0.42471272 0.57046485]]
60_AVI
Estimated mean:
[0.48567075 0.57821405]
Estimated covariance matrix:
[[ 0.00065518 -0.00014644]
 [-0.00014644  0.00064602]]
torch.Size([1000, 2])
------------------------------------------------------------------------------------------
60_MCMC
torch.Size([1000, 2])

                mean       std    median      5.0%     95.0%     n_eff     r_hat
  input[0]      0.48      0.03      0.48      0.43      0.53   1897.52      1.00
  input[1]      0.58      0.04      0.58      0.52      0.64   2099.16      1.00

Number of divergences: 0
None
------------------------------------------------------------------------------------------
******************************************************************************************
61
Groundtruth:
 xi_data=[[0.7924216  0.45365727]]
61_AVI
Estimated mean:
[0.74878085 0.51865906]
Estimated covariance matrix:
[[ 0.0006683  -0.0001479 ]
 [-0.0001479   0.00065722]]
torch.Size([1000, 2])
------------------------------------------------------------------------------------------
61_MCMC
torch.Size([1000, 2])

                mean       std    median      5.0%     95.0%     n_eff     r_hat
  input[0]      0.81      0.03      0.80      0.76      0.86    867.89      1.00
  input[1]      0.46      0.02      0.46      0.44      0.49   1664.74      1.00

Number of divergences: 0
None
------------------------------------------------------------------------------------------
******************************************************************************************
62
Groundtruth:
 xi_data=[[0.48375106 0.49218333]]
62_AVI
Estimated mean:
[0.46668294 0.49533406]
Estimated covariance matrix:
[[ 0.0006584  -0.0001468 ]
 [-0.0001468   0.00064877]]
torch.Size([1000, 2])
------------------------------------------------------------------------------------------
62_MCMC
torch.Size([1000, 2])

                mean       std    median      5.0%     95.0%     n_eff     r_hat
  input[0]      0.48      0.03      0.48      0.42      0.53   1381.19      1.00
  input[1]      0.48      0.04      0.48      0.42      0.54   1608.29      1.00

Number of divergences: 0
None
------------------------------------------------------------------------------------------
******************************************************************************************
63
Groundtruth:
 xi_data=[[0.652481   0.22977753]]
63_AVI
Estimated mean:
[0.625376  0.2837327]
Estimated covariance matrix:
[[ 0.00064816 -0.00014565]
 [-0.00014565  0.00064006]]
torch.Size([1000, 2])
------------------------------------------------------------------------------------------
63_MCMC
torch.Size([1000, 2])

                mean       std    median      5.0%     95.0%     n_eff     r_hat
  input[0]      0.66      0.02      0.66      0.62      0.69   1884.24      1.00
  input[1]      0.25      0.02      0.25      0.22      0.29   1742.91      1.00

Number of divergences: 0
None
------------------------------------------------------------------------------------------
******************************************************************************************
64
Groundtruth:
 xi_data=[[0.21712899 0.71814555]]
64_AVI
Estimated mean:
[0.25124672 0.7261574 ]
Estimated covariance matrix:
[[ 0.00074987 -0.00015666]
 [-0.00015666  0.00072594]]
torch.Size([1000, 2])
------------------------------------------------------------------------------------------
64_MCMC
torch.Size([1000, 2])

                mean       std    median      5.0%     95.0%     n_eff     r_hat
  input[0]      0.21      0.03      0.22      0.16      0.26   1177.11      1.00
  input[1]      0.71      0.02      0.71      0.68      0.75   1939.54      1.00

Number of divergences: 0
None
------------------------------------------------------------------------------------------
******************************************************************************************
65
Groundtruth:
 xi_data=[[0.6395307 0.3681146]]
65_AVI
Estimated mean:
[0.6368597 0.4334669]
Estimated covariance matrix:
[[ 0.00066608 -0.00014765]
 [-0.00014765  0.00065538]]
torch.Size([1000, 2])
------------------------------------------------------------------------------------------
65_MCMC
torch.Size([1000, 2])

                mean       std    median      5.0%     95.0%     n_eff     r_hat
  input[0]      0.63      0.03      0.64      0.59      0.68   1747.28      1.00
  input[1]      0.43      0.03      0.43      0.37      0.47   2457.43      1.00

Number of divergences: 0
None
------------------------------------------------------------------------------------------
******************************************************************************************
66
Groundtruth:
 xi_data=[[0.39734775 0.5894051 ]]
66_AVI
Estimated mean:
[0.38543925 0.62628627]
Estimated covariance matrix:
[[ 0.00068547 -0.00014979]
 [-0.00014979  0.00067165]]
torch.Size([1000, 2])
------------------------------------------------------------------------------------------
66_MCMC
torch.Size([1000, 2])

                mean       std    median      5.0%     95.0%     n_eff     r_hat
  input[0]      0.38      0.04      0.38      0.32      0.44   1745.82      1.00
  input[1]      0.61      0.03      0.61      0.56      0.66   1544.99      1.00

Number of divergences: 0
None
------------------------------------------------------------------------------------------
******************************************************************************************
67
Groundtruth:
 xi_data=[[0.37368706 0.7145929 ]]
67_AVI
Estimated mean:
[0.35813037 0.7141321 ]
Estimated covariance matrix:
[[ 0.00073007 -0.00015458]
 [-0.00015458  0.00070944]]
torch.Size([1000, 2])
------------------------------------------------------------------------------------------
67_MCMC
torch.Size([1000, 2])

                mean       std    median      5.0%     95.0%     n_eff     r_hat
  input[0]      0.38      0.02      0.38      0.34      0.42   2040.23      1.00
  input[1]      0.72      0.03      0.73      0.68      0.77   1719.36      1.00

Number of divergences: 0
None
------------------------------------------------------------------------------------------
******************************************************************************************
68
Groundtruth:
 xi_data=[[0.54282075 0.6216194 ]]
68_AVI
Estimated mean:
[0.50269544 0.6212703 ]
Estimated covariance matrix:
[[ 0.00068739 -0.00015   ]
 [-0.00015     0.00067335]]
torch.Size([1000, 2])
------------------------------------------------------------------------------------------
68_MCMC
torch.Size([1000, 2])

                mean       std    median      5.0%     95.0%     n_eff     r_hat
  input[0]      0.52      0.03      0.52      0.46      0.57   2256.31      1.00
  input[1]      0.61      0.03      0.61      0.56      0.66   1133.97      1.01

Number of divergences: 0
None
------------------------------------------------------------------------------------------
******************************************************************************************
69
Groundtruth:
 xi_data=[[0.7113546  0.47220057]]
69_AVI
Estimated mean:
[0.65424204 0.53436804]
Estimated covariance matrix:
[[ 0.00065702 -0.00014664]
 [-0.00014664  0.00064764]]
torch.Size([1000, 2])
------------------------------------------------------------------------------------------
69_MCMC
torch.Size([1000, 2])

                mean       std    median      5.0%     95.0%     n_eff     r_hat
  input[0]      0.67      0.03      0.67      0.62      0.71   1835.80      1.01
  input[1]      0.50      0.03      0.50      0.45      0.54   1576.48      1.00

Number of divergences: 0
None
------------------------------------------------------------------------------------------
******************************************************************************************
70
Groundtruth:
 xi_data=[[0.7999912  0.44266698]]
70_AVI
Estimated mean:
[0.75114954 0.4758862 ]
Estimated covariance matrix:
[[ 0.00065475 -0.00014639]
 [-0.00014639  0.00064568]]
torch.Size([1000, 2])
------------------------------------------------------------------------------------------
70_MCMC
torch.Size([1000, 2])

                mean       std    median      5.0%     95.0%     n_eff     r_hat
  input[0]      0.80      0.03      0.80      0.76      0.85   1490.09      1.00
  input[1]      0.48      0.02      0.48      0.44      0.51   1014.25      1.00

Number of divergences: 0
None
------------------------------------------------------------------------------------------
******************************************************************************************
71
Groundtruth:
 xi_data=[[0.24581017 0.776538  ]]
71_AVI
Estimated mean:
[0.2228693 0.7580744]
Estimated covariance matrix:
[[ 0.00072727 -0.00015429]
 [-0.00015429  0.000707  ]]
torch.Size([1000, 2])
------------------------------------------------------------------------------------------
71_MCMC
torch.Size([1000, 2])

                mean       std    median      5.0%     95.0%     n_eff     r_hat
  input[0]      0.27      0.02      0.27      0.24      0.30   2424.29      1.00
  input[1]      0.75      0.02      0.75      0.71      0.78   1737.76      1.00

Number of divergences: 0
None
------------------------------------------------------------------------------------------
******************************************************************************************
72
Groundtruth:
 xi_data=[[0.40887094 0.45928288]]
72_AVI
Estimated mean:
[0.41426536 0.48707232]
Estimated covariance matrix:
[[ 0.00068076 -0.00014927]
 [-0.00014927  0.00066779]]
torch.Size([1000, 2])
------------------------------------------------------------------------------------------
72_MCMC
torch.Size([1000, 2])

                mean       std    median      5.0%     95.0%     n_eff     r_hat
  input[0]      0.41      0.03      0.41      0.36      0.47   2495.21      1.00
  input[1]      0.48      0.03      0.48      0.43      0.53   2863.96      1.00

Number of divergences: 0
None
------------------------------------------------------------------------------------------
******************************************************************************************
73
Groundtruth:
 xi_data=[[0.7728082  0.47197866]]
73_AVI
Estimated mean:
[0.77475977 0.4110345 ]
Estimated covariance matrix:
[[ 0.00064043 -0.00014478]
 [-0.00014478  0.00063349]]
torch.Size([1000, 2])
------------------------------------------------------------------------------------------
73_MCMC
torch.Size([1000, 2])

                mean       std    median      5.0%     95.0%     n_eff     r_hat
  input[0]      0.77      0.03      0.77      0.73      0.82    932.37      1.00
  input[1]      0.42      0.02      0.42      0.39      0.46   1911.21      1.00

Number of divergences: 0
None
------------------------------------------------------------------------------------------
******************************************************************************************
74
Groundtruth:
 xi_data=[[0.22457673 0.36726862]]
74_AVI
Estimated mean:
[0.24596694 0.33866346]
Estimated covariance matrix:
[[ 0.00065698 -0.00014664]
 [-0.00014664  0.00064757]]
torch.Size([1000, 2])
------------------------------------------------------------------------------------------
74_MCMC
torch.Size([1000, 2])

                mean       std    median      5.0%     95.0%     n_eff     r_hat
  input[0]      0.21      0.03      0.22      0.16      0.27   1159.03      1.00
  input[1]      0.36      0.02      0.36      0.32      0.39   1688.18      1.00

Number of divergences: 0
None
------------------------------------------------------------------------------------------
******************************************************************************************
75
Groundtruth:
 xi_data=[[0.6048862 0.37527  ]]
75_AVI
Estimated mean:
[0.63592076 0.32747853]
Estimated covariance matrix:
[[ 0.00059914 -0.00014004]
 [-0.00014004  0.00059826]]
torch.Size([1000, 2])
------------------------------------------------------------------------------------------
75_MCMC
torch.Size([1000, 2])

                mean       std    median      5.0%     95.0%     n_eff     r_hat
  input[0]      0.64      0.03      0.64      0.59      0.69   2211.59      1.00
  input[1]      0.36      0.02      0.36      0.32      0.39   1791.16      1.00

Number of divergences: 0
None
------------------------------------------------------------------------------------------
******************************************************************************************
76
Groundtruth:
 xi_data=[[0.6028787  0.36459607]]
76_AVI
Estimated mean:
[0.5214031 0.3812965]
Estimated covariance matrix:
[[ 0.00066474 -0.0001475 ]
 [-0.0001475   0.00065417]]
torch.Size([1000, 2])
------------------------------------------------------------------------------------------
76_MCMC
torch.Size([1000, 2])

                mean       std    median      5.0%     95.0%     n_eff     r_hat
  input[0]      0.53      0.03      0.53      0.48      0.58   1917.03      1.00
  input[1]      0.39      0.03      0.39      0.34      0.43   1889.14      1.00

Number of divergences: 0
None
------------------------------------------------------------------------------------------
******************************************************************************************
77
Groundtruth:
 xi_data=[[0.28331894 0.3511041 ]]
77_AVI
Estimated mean:
[0.27816758 0.35215676]
Estimated covariance matrix:
[[ 0.00066637 -0.00014768]
 [-0.00014768  0.00065556]]
torch.Size([1000, 2])
------------------------------------------------------------------------------------------
77_MCMC
torch.Size([1000, 2])

                mean       std    median      5.0%     95.0%     n_eff     r_hat
  input[0]      0.25      0.03      0.25      0.21      0.29   1138.57      1.00
  input[1]      0.37      0.02      0.37      0.33      0.40   1963.11      1.00

Number of divergences: 0
None
------------------------------------------------------------------------------------------
******************************************************************************************
78
Groundtruth:
 xi_data=[[0.3292809  0.36765718]]
78_AVI
Estimated mean:
[0.33007762 0.40862283]
Estimated covariance matrix:
[[ 0.00067375 -0.0001485 ]
 [-0.0001485   0.00066186]]
torch.Size([1000, 2])
------------------------------------------------------------------------------------------
78_MCMC
torch.Size([1000, 2])

                mean       std    median      5.0%     95.0%     n_eff     r_hat
  input[0]      0.35      0.03      0.35      0.31      0.40   1952.02      1.00
  input[1]      0.37      0.03      0.37      0.32      0.42   2044.24      1.00

Number of divergences: 0
None
------------------------------------------------------------------------------------------
******************************************************************************************
79
Groundtruth:
 xi_data=[[0.4210223 0.6345008]]
79_AVI
Estimated mean:
[0.4112589 0.6314728]
Estimated covariance matrix:
[[ 0.00072762 -0.00015432]
 [-0.00015432  0.00070726]]
torch.Size([1000, 2])
------------------------------------------------------------------------------------------
79_MCMC
torch.Size([1000, 2])

                mean       std    median      5.0%     95.0%     n_eff     r_hat
  input[0]      0.41      0.03      0.41      0.36      0.46   2003.85      1.00
  input[1]      0.63      0.03      0.64      0.58      0.69   2409.65      1.00

Number of divergences: 0
None
------------------------------------------------------------------------------------------
******************************************************************************************
80
Groundtruth:
 xi_data=[[0.562984  0.3215057]]
80_AVI
Estimated mean:
[0.5846255  0.33464104]
Estimated covariance matrix:
[[ 0.00062173 -0.00014265]
 [-0.00014265  0.00061762]]
torch.Size([1000, 2])
------------------------------------------------------------------------------------------
80_MCMC
torch.Size([1000, 2])

                mean       std    median      5.0%     95.0%     n_eff     r_hat
  input[0]      0.57      0.03      0.57      0.53      0.61   2504.39      1.00
  input[1]      0.32      0.03      0.32      0.27      0.36   1567.09      1.00

Number of divergences: 0
None
------------------------------------------------------------------------------------------
******************************************************************************************
81
Groundtruth:
 xi_data=[[0.61212313 0.38075936]]
81_AVI
Estimated mean:
[0.5826505  0.38987738]
Estimated covariance matrix:
[[ 0.00063821 -0.00014453]
 [-0.00014453  0.00063166]]
torch.Size([1000, 2])
------------------------------------------------------------------------------------------
81_MCMC
torch.Size([1000, 2])

                mean       std    median      5.0%     95.0%     n_eff     r_hat
  input[0]      0.60      0.03      0.60      0.55      0.65   1857.85      1.00
  input[1]      0.39      0.03      0.39      0.35      0.43   1570.03      1.00

Number of divergences: 0
None
------------------------------------------------------------------------------------------
******************************************************************************************
82
Groundtruth:
 xi_data=[[0.27539593 0.3173527 ]]
82_AVI
Estimated mean:
[0.34904343 0.33724526]
Estimated covariance matrix:
[[ 0.00066339 -0.00014735]
 [-0.00014735  0.00065307]]
torch.Size([1000, 2])
------------------------------------------------------------------------------------------
82_MCMC
torch.Size([1000, 2])

                mean       std    median      5.0%     95.0%     n_eff     r_hat
  input[0]      0.33      0.03      0.33      0.28      0.38   2131.56      1.00
  input[1]      0.35      0.02      0.35      0.31      0.39   2777.37      1.00

Number of divergences: 0
None
------------------------------------------------------------------------------------------
******************************************************************************************
83
Groundtruth:
 xi_data=[[0.23948595 0.6360961 ]]
83_AVI
Estimated mean:
[0.28137553 0.5868802 ]
Estimated covariance matrix:
[[ 0.00074573 -0.00015623]
 [-0.00015623  0.00072249]]
torch.Size([1000, 2])
------------------------------------------------------------------------------------------
83_MCMC
torch.Size([1000, 2])

                mean       std    median      5.0%     95.0%     n_eff     r_hat
  input[0]      0.25      0.03      0.25      0.21      0.30   1343.52      1.00
  input[1]      0.62      0.02      0.62      0.58      0.66   1264.71      1.00

Number of divergences: 0
None
------------------------------------------------------------------------------------------
******************************************************************************************
84
Groundtruth:
 xi_data=[[0.26911595 0.340649  ]]
84_AVI
Estimated mean:
[0.26181805 0.43865344]
Estimated covariance matrix:
[[ 0.0006598  -0.00014695]
 [-0.00014695  0.00064991]]
torch.Size([1000, 2])
------------------------------------------------------------------------------------------
84_MCMC
torch.Size([1000, 2])

                mean       std    median      5.0%     95.0%     n_eff     r_hat
  input[0]      0.25      0.03      0.25      0.22      0.30   1942.55      1.00
  input[1]      0.39      0.02      0.39      0.35      0.43    859.67      1.00

Number of divergences: 0
None
------------------------------------------------------------------------------------------
******************************************************************************************
85
Groundtruth:
 xi_data=[[0.59010184 0.34520406]]
85_AVI
Estimated mean:
[0.62116873 0.32233328]
Estimated covariance matrix:
[[ 0.00066782 -0.00014785]
 [-0.00014785  0.00065687]]
torch.Size([1000, 2])
------------------------------------------------------------------------------------------
85_MCMC
torch.Size([1000, 2])

                mean       std    median      5.0%     95.0%     n_eff     r_hat
  input[0]      0.59      0.03      0.59      0.55      0.64   2311.73      1.00
  input[1]      0.34      0.03      0.34      0.30      0.39   2639.44      1.00

Number of divergences: 0
None
------------------------------------------------------------------------------------------
******************************************************************************************
86
Groundtruth:
 xi_data=[[0.34905607 0.25027922]]
86_AVI
Estimated mean:
[0.2739783 0.2621388]
Estimated covariance matrix:
[[ 0.00069826 -0.00015118]
 [-0.00015118  0.00068255]]
torch.Size([1000, 2])
------------------------------------------------------------------------------------------
86_MCMC
torch.Size([1000, 2])

                mean       std    median      5.0%     95.0%     n_eff     r_hat
  input[0]      0.34      0.02      0.34      0.30      0.38   1393.13      1.00
  input[1]      0.25      0.03      0.25      0.21      0.29   1198.94      1.00

Number of divergences: 0
None
------------------------------------------------------------------------------------------
******************************************************************************************
87
Groundtruth:
 xi_data=[[0.62166876 0.32494926]]
87_AVI
Estimated mean:
[0.6342745  0.36378676]
Estimated covariance matrix:
[[ 0.00062384 -0.00014289]
 [-0.00014289  0.00061942]]
torch.Size([1000, 2])
------------------------------------------------------------------------------------------
87_MCMC
torch.Size([1000, 2])

                mean       std    median      5.0%     95.0%     n_eff     r_hat
  input[0]      0.61      0.03      0.61      0.57      0.66   2228.99      1.00
  input[1]      0.36      0.03      0.36      0.31      0.40   2694.36      1.00

Number of divergences: 0
None
------------------------------------------------------------------------------------------
******************************************************************************************
88
Groundtruth:
 xi_data=[[0.75935894 0.47081482]]
88_AVI
Estimated mean:
[0.76164347 0.49258432]
Estimated covariance matrix:
[[ 0.00061555 -0.00014194]
 [-0.00014194  0.00061228]]
torch.Size([1000, 2])
------------------------------------------------------------------------------------------
88_MCMC
torch.Size([1000, 2])

                mean       std    median      5.0%     95.0%     n_eff     r_hat
  input[0]      0.76      0.03      0.76      0.71      0.79   1015.15      1.00
  input[1]      0.50      0.02      0.50      0.46      0.53   2302.29      1.00

Number of divergences: 0
None
------------------------------------------------------------------------------------------
******************************************************************************************
89
Groundtruth:
 xi_data=[[0.6300925 0.371979 ]]
89_AVI
Estimated mean:
[0.62058556 0.37585893]
Estimated covariance matrix:
[[ 0.00061747 -0.00014216]
 [-0.00014216  0.00061391]]
torch.Size([1000, 2])
------------------------------------------------------------------------------------------
89_MCMC
torch.Size([1000, 2])

                mean       std    median      5.0%     95.0%     n_eff     r_hat
  input[0]      0.62      0.03      0.62      0.58      0.67   1600.20      1.00
  input[1]      0.37      0.03      0.37      0.33      0.42   2351.40      1.00

Number of divergences: 0
None
------------------------------------------------------------------------------------------
******************************************************************************************
90
Groundtruth:
 xi_data=[[0.27448028 0.67143196]]
90_AVI
Estimated mean:
[0.2954172  0.68282104]
Estimated covariance matrix:
[[ 0.00069647 -0.00015098]
 [-0.00015098  0.0006809 ]]
torch.Size([1000, 2])
------------------------------------------------------------------------------------------
90_MCMC
torch.Size([1000, 2])

                mean       std    median      5.0%     95.0%     n_eff     r_hat
  input[0]      0.27      0.03      0.27      0.23      0.31   1818.21      1.00
  input[1]      0.65      0.02      0.65      0.61      0.69   2796.30      1.00

Number of divergences: 0
None
------------------------------------------------------------------------------------------
******************************************************************************************
91
Groundtruth:
 xi_data=[[0.40744194 0.79115444]]
91_AVI
Estimated mean:
[0.41243473 0.7492776 ]
Estimated covariance matrix:
[[ 0.00069133 -0.00015042]
 [-0.00015042  0.00067665]]
torch.Size([1000, 2])
------------------------------------------------------------------------------------------
91_MCMC
torch.Size([1000, 2])

                mean       std    median      5.0%     95.0%     n_eff     r_hat
  input[0]      0.41      0.02      0.41      0.38      0.45   2725.88      1.00
  input[1]      0.75      0.03      0.75      0.71      0.79   1290.18      1.00

Number of divergences: 0
None
------------------------------------------------------------------------------------------
******************************************************************************************
92
Groundtruth:
 xi_data=[[0.694989 0.578373]]
92_AVI
Estimated mean:
[0.6706264 0.6430725]
Estimated covariance matrix:
[[ 0.00065291 -0.00014619]
 [-0.00014619  0.00064418]]
torch.Size([1000, 2])
------------------------------------------------------------------------------------------
92_MCMC
torch.Size([1000, 2])

                mean       std    median      5.0%     95.0%     n_eff     r_hat
  input[0]      0.66      0.03      0.67      0.62      0.71   2091.01      1.00
  input[1]      0.62      0.03      0.62      0.57      0.66   1677.67      1.00

Number of divergences: 0
None
------------------------------------------------------------------------------------------
******************************************************************************************
93
Groundtruth:
 xi_data=[[0.4401327 0.3442204]]
93_AVI
Estimated mean:
[0.4366614  0.37348583]
Estimated covariance matrix:
[[ 0.00070066 -0.00015144]
 [-0.00015144  0.0006846 ]]
torch.Size([1000, 2])
------------------------------------------------------------------------------------------
93_MCMC
torch.Size([1000, 2])

                mean       std    median      5.0%     95.0%     n_eff     r_hat
  input[0]      0.44      0.03      0.44      0.39      0.49   2125.36      1.00
  input[1]      0.36      0.03      0.36      0.32      0.41   2222.98      1.00

Number of divergences: 0
None
------------------------------------------------------------------------------------------
******************************************************************************************
94
Groundtruth:
 xi_data=[[0.54983705 0.7495313 ]]
94_AVI
Estimated mean:
[0.5378921  0.75407267]
Estimated covariance matrix:
[[ 0.00065862 -0.00014682]
 [-0.00014682  0.00064901]]
torch.Size([1000, 2])
------------------------------------------------------------------------------------------
94_MCMC
torch.Size([1000, 2])

                mean       std    median      5.0%     95.0%     n_eff     r_hat
  input[0]      0.54      0.02      0.54      0.50      0.57   2968.30      1.00
  input[1]      0.79      0.03      0.79      0.74      0.84   1482.01      1.00

Number of divergences: 0
None
------------------------------------------------------------------------------------------
******************************************************************************************
95
Groundtruth:
 xi_data=[[0.27140808 0.7766931 ]]
95_AVI
Estimated mean:
[0.26469898 0.7816622 ]
Estimated covariance matrix:
[[ 0.00074488 -0.00015614]
 [-0.00015614  0.00072176]]
torch.Size([1000, 2])
------------------------------------------------------------------------------------------
95_MCMC
torch.Size([1000, 2])

                mean       std    median      5.0%     95.0%     n_eff     r_hat
  input[0]      0.26      0.02      0.26      0.23      0.29   1651.17      1.00
  input[1]      0.76      0.02      0.76      0.72      0.79   1149.05      1.00

Number of divergences: 0
None
------------------------------------------------------------------------------------------
******************************************************************************************
96
Groundtruth:
 xi_data=[[0.47251332 0.72791135]]
96_AVI
Estimated mean:
[0.5400857  0.68327284]
Estimated covariance matrix:
[[ 0.00065525 -0.00014645]
 [-0.00014645  0.00064611]]
torch.Size([1000, 2])
------------------------------------------------------------------------------------------
96_MCMC
torch.Size([1000, 2])

                mean       std    median      5.0%     95.0%     n_eff     r_hat
  input[0]      0.53      0.03      0.53      0.48      0.58   1681.75      1.00
  input[1]      0.67      0.03      0.67      0.62      0.72   1635.42      1.00

Number of divergences: 0
None
------------------------------------------------------------------------------------------
******************************************************************************************
97
Groundtruth:
 xi_data=[[0.49922842 0.44421247]]
97_AVI
Estimated mean:
[0.5092684  0.45254028]
Estimated covariance matrix:
[[ 0.00066775 -0.00014784]
 [-0.00014784  0.00065673]]
torch.Size([1000, 2])
------------------------------------------------------------------------------------------
97_MCMC
torch.Size([1000, 2])

                mean       std    median      5.0%     95.0%     n_eff     r_hat
  input[0]      0.51      0.03      0.51      0.46      0.57   2565.62      1.00
  input[1]      0.46      0.03      0.45      0.40      0.50   2112.35      1.00

Number of divergences: 0
None
------------------------------------------------------------------------------------------
******************************************************************************************
98
Groundtruth:
 xi_data=[[0.46698576 0.71254665]]
98_AVI
Estimated mean:
[0.4468769 0.7007972]
Estimated covariance matrix:
[[ 0.00074749 -0.00015642]
 [-0.00015642  0.00072407]]
torch.Size([1000, 2])
------------------------------------------------------------------------------------------
98_MCMC
torch.Size([1000, 2])

                mean       std    median      5.0%     95.0%     n_eff     r_hat
  input[0]      0.46      0.03      0.46      0.41      0.50   2697.04      1.00
  input[1]      0.70      0.03      0.70      0.65      0.75   2046.74      1.00

Number of divergences: 0
None
------------------------------------------------------------------------------------------
******************************************************************************************
99
Groundtruth:
 xi_data=[[0.7577485 0.7959199]]
99_AVI
Estimated mean:
[0.69429886 0.8087404 ]
Estimated covariance matrix:
[[ 0.00063507 -0.00014417]
 [-0.00014417  0.00062899]]
torch.Size([1000, 2])
------------------------------------------------------------------------------------------
99_MCMC
torch.Size([1000, 2])

                mean       std    median      5.0%     95.0%     n_eff     r_hat
  input[0]      0.76      0.02      0.76      0.73      0.79   1594.16      1.00
  input[1]      0.81      0.03      0.81      0.77      0.85    749.97      1.00

Number of divergences: 0
None
------------------------------------------------------------------------------------------
******************************************************************************************
