n_steps: 200000
num_particles: 32
n_y: 64
lr: 0.001
realnvp_architecture: [15, 100]
job: a
200000 32 64 0.001 15 100 a
step 0: loss = 25185.570,
step 1000: loss = 9.288,
step 2000: loss = 12.926,
step 3000: loss = 5.932,
step 4000: loss = 3.922,
step 5000: loss = 2.892,
step 6000: loss = 2.714,
step 7000: loss = 4.969,
step 8000: loss = 18.306,
step 9000: loss = 11.586,
step 10000: loss = 4.521,
step 11000: loss = 3.533,
step 12000: loss = 4.157,
step 13000: loss = 3.535,
step 14000: loss = 3.527,
step 15000: loss = 5.391,
step 16000: loss = 2.032,
step 17000: loss = 2.280,
step 18000: loss = 2.520,
step 19000: loss = 2.365,
step 20000: loss = 3.187,
step 21000: loss = 3.375,
step 22000: loss = 1.549,
step 23000: loss = 2.630,
step 24000: loss = 2.469,
step 25000: loss = 1.315,
step 26000: loss = 1.625,
step 27000: loss = 1.383,
step 28000: loss = 2.537,
step 29000: loss = 1.938,
step 30000: loss = 1.441,
step 31000: loss = 2.127,
step 32000: loss = 1.769,
step 33000: loss = 2.498,
step 34000: loss = 2.062,
step 35000: loss = 1.630,
step 36000: loss = 1.566,
step 37000: loss = 2.237,
step 38000: loss = 1.768,
step 39000: loss = 1.542,
step 40000: loss = 2.158,
step 41000: loss = 1.811,
step 42000: loss = 4.286,
step 43000: loss = 2.942,
step 44000: loss = 1.765,
step 45000: loss = 1.809,
step 46000: loss = 1.446,
step 47000: loss = 1.666,
step 48000: loss = 1.689,
step 49000: loss = 1.854,
step 50000: loss = 1.523,
step 51000: loss = 1.691,
step 52000: loss = 1.736,
step 53000: loss = 1.844,
step 54000: loss = 1.796,
step 55000: loss = 1.330,
step 56000: loss = 2.937,
step 57000: loss = 1.607,
step 58000: loss = 1.360,
step 59000: loss = 2.294,
step 60000: loss = 1.137,
step 61000: loss = 1.821,
step 62000: loss = 2.329,
step 63000: loss = 2.134,
step 64000: loss = 1.423,
step 65000: loss = 1.325,
step 66000: loss = 1.939,
step 67000: loss = 2.519,
step 68000: loss = 1.157,
step 69000: loss = 2.727,
step 70000: loss = 1.518,
step 71000: loss = 1.832,
step 72000: loss = 1.660,
step 73000: loss = 1.470,
step 74000: loss = 1.253,
step 75000: loss = 1.179,
step 76000: loss = 2.038,
step 77000: loss = 1.576,
step 78000: loss = 1.512,
step 79000: loss = 1.961,
step 80000: loss = 2.201,
step 81000: loss = 1.139,
step 82000: loss = 1.446,
step 83000: loss = 2.077,
step 84000: loss = 1.315,
step 85000: loss = 1.416,
step 86000: loss = 1.314,
step 87000: loss = 1.421,
step 88000: loss = 1.328,
step 89000: loss = 1.143,
step 90000: loss = 1.971,
step 91000: loss = 1.147,
step 92000: loss = 1.617,
step 93000: loss = 1.462,
step 94000: loss = 1.510,
step 95000: loss = 2.638,
step 96000: loss = 2.751,
step 97000: loss = 1.753,
step 98000: loss = 1.185,
step 99000: loss = 1.451,
step 100000: loss = 1.406,
step 101000: loss = 1.523,
step 102000: loss = 1.037,
step 103000: loss = 1.299,
step 104000: loss = 1.545,
step 105000: loss = 1.925,
step 106000: loss = 1.336,
step 107000: loss = 0.976,
step 108000: loss = 1.236,
step 109000: loss = 1.241,
step 110000: loss = 1.685,
step 111000: loss = 1.328,
step 112000: loss = 1.174,
step 113000: loss = 1.558,
step 114000: loss = 1.677,
step 115000: loss = 1.635,
step 116000: loss = 1.170,
step 117000: loss = 1.840,
step 118000: loss = 1.633,
step 119000: loss = 1.230,
step 120000: loss = 1.283,
step 121000: loss = 1.274,
step 122000: loss = 7.825,
step 123000: loss = 2.921,
step 124000: loss = 2.332,
step 125000: loss = 2.267,
step 126000: loss = 2.029,
step 127000: loss = 1.650,
step 128000: loss = 9.479,
step 129000: loss = 2.000,
step 130000: loss = 1.753,
step 131000: loss = 2.075,
step 132000: loss = 2.267,
step 133000: loss = 1.601,
step 134000: loss = 1.417,
step 135000: loss = 2.114,
step 136000: loss = 1.136,
step 137000: loss = 2.630,
step 138000: loss = 2.140,
step 139000: loss = 1.851,
step 140000: loss = 1.434,
step 141000: loss = 1.727,
step 142000: loss = 1.437,
step 143000: loss = 1.167,
step 144000: loss = 1.419,
step 145000: loss = 1.244,
step 146000: loss = 2.746,
step 147000: loss = 1.505,
step 148000: loss = 1.354,
step 149000: loss = 1.959,
step 150000: loss = 1.403,
step 151000: loss = 1.593,
step 152000: loss = 1.061,
step 153000: loss = 1.415,
step 154000: loss = 1.579,
step 155000: loss = 1.398,
step 156000: loss = 1.235,
step 157000: loss = 1.260,
step 158000: loss = 1.544,
step 159000: loss = 1.416,
step 160000: loss = 1.435,
step 161000: loss = 1.428,
step 162000: loss = 1.428,
step 163000: loss = 1.875,
step 164000: loss = 1.349,
step 165000: loss = 1.764,
step 166000: loss = 1.615,
step 167000: loss = 1.246,
step 168000: loss = 1.249,
step 169000: loss = 1.533,
step 170000: loss = 1.305,
step 171000: loss = 1.151,
step 172000: loss = 1.321,
step 173000: loss = 1.322,
step 174000: loss = 1.719,
step 175000: loss = 1.476,
step 176000: loss = 1.828,
step 177000: loss = 1.252,
step 178000: loss = 1.697,
step 179000: loss = 1.323,
step 180000: loss = 2.117,
step 181000: loss = 1.494,
step 182000: loss = 1.488,
step 183000: loss = 1.002,
step 184000: loss = 1.337,
step 185000: loss = 1.428,
step 186000: loss = 1.079,
step 187000: loss = 1.215,
step 188000: loss = 1.226,
step 189000: loss = 1.285,
step 190000: loss = 1.555,
step 191000: loss = 0.988,
step 192000: loss = 1.389,
step 193000: loss = 1.476,
step 194000: loss = 1.123,
step 195000: loss = 1.178,
step 196000: loss = 1.441,
step 197000: loss = 1.286,
step 198000: loss = 1.435,
step 199000: loss = 1.133,
torch.Size([5, 4]) torch.Size([5, 2])
Groundtruth:
 xi_data=[[ 0.3354301   0.8815546  -0.20953648 -0.42672086]
 [-0.22989541 -0.12536068  0.74884576  0.7099192 ]
 [ 0.07322151 -0.12848109 -0.4071268   0.5861429 ]
 [ 0.03473756  0.33038324 -0.00806682 -0.9201538 ]
 [ 0.03867042  0.7878777  -0.4591129  -0.95894504]],
 y_data=[[ 1.6731473   1.2900836 ]
 [ 1.1469465   0.9599577 ]
 [ 1.92636    -0.18569945]
 [ 1.7687088  -0.20761617]
 [ 1.6315098  -0.04351047]]
0
Groundtruth:
 xi_data=[[ 0.3354301   0.8815546  -0.20953648 -0.42672086]],
 y_data=[[1.6731473 1.2900836]]
0_MCMC
torch.Size([1000, 4])
---------------
****************
------------------------------------------------------------------------------------------
0_AVI
torch.Size([1000, 4])
---------------
****************
------------------------------------------------------------------------------------------
**************************************************************************************************************************************************************************************************************************************
1
Groundtruth:
 xi_data=[[-0.22989541 -0.12536068  0.74884576  0.7099192 ]],
 y_data=[[1.1469465 0.9599577]]
1_MCMC
torch.Size([1000, 4])
---------------
****************
------------------------------------------------------------------------------------------
1_AVI
torch.Size([1000, 4])
---------------
****************
------------------------------------------------------------------------------------------
**************************************************************************************************************************************************************************************************************************************
2
Groundtruth:
 xi_data=[[ 0.07322151 -0.12848109 -0.4071268   0.5861429 ]],
 y_data=[[ 1.92636    -0.18569945]]
2_MCMC
torch.Size([1000, 4])
---------------
****************
------------------------------------------------------------------------------------------
2_AVI
torch.Size([1000, 4])
---------------
****************
------------------------------------------------------------------------------------------
**************************************************************************************************************************************************************************************************************************************
3
Groundtruth:
 xi_data=[[ 0.03473756  0.33038324 -0.00806682 -0.9201538 ]],
 y_data=[[ 1.7687088  -0.20761617]]
3_MCMC
torch.Size([1000, 4])
---------------
****************
------------------------------------------------------------------------------------------
3_AVI
torch.Size([1000, 4])
---------------
****************
------------------------------------------------------------------------------------------
**************************************************************************************************************************************************************************************************************************************
4
Groundtruth:
 xi_data=[[ 0.03867042  0.7878777  -0.4591129  -0.95894504]],
 y_data=[[ 1.6315098  -0.04351047]]
4_MCMC
torch.Size([1000, 4])
---------------
****************
------------------------------------------------------------------------------------------
4_AVI
torch.Size([1000, 4])
---------------
****************
------------------------------------------------------------------------------------------
**************************************************************************************************************************************************************************************************************************************
